app/build/intermediates/manifest_merge_blame_file/release/manifest-merger-blame-release-report.txt
1<?xml version="1.0" encoding="utf-8"?>
2<manifest xmlns:android="http://schemas.android.com/apk/res/android"
3    package="com.tixly.app"
4    android:versionCode="1"
5    android:versionName="1.0.0" >
6
7    <uses-sdk
8        android:minSdkVersion="24"
9        android:targetSdkVersion="34" />
10
11    <!-- Дозволи для роботи з календарем -->
12    <uses-permission android:name="android.permission.READ_CALENDAR" />
12-->src/main/AndroidManifest.xml:6:5-72
12-->src/main/AndroidManifest.xml:6:22-69
13    <uses-permission android:name="android.permission.WRITE_CALENDAR" />
13-->src/main/AndroidManifest.xml:7:5-73
13-->src/main/AndroidManifest.xml:7:22-70
14
15    <!-- Дозвіл для читання файлів -->
16    <uses-permission android:name="android.permission.READ_EXTERNAL_STORAGE" />
16-->src/main/AndroidManifest.xml:10:5-80
16-->src/main/AndroidManifest.xml:10:22-77
17
18    <permission
18-->[androidx.core:core:1.12.0] AndroidManifest.xml:22:5-24:47
19        android:name="com.tixly.app.DYNAMIC_RECEIVER_NOT_EXPORTED_PERMISSION"
19-->[androidx.core:core:1.12.0] AndroidManifest.xml:23:9-81
20        android:protectionLevel="signature" />
20-->[androidx.core:core:1.12.0] AndroidManifest.xml:24:9-44
21
22    <uses-permission android:name="com.tixly.app.DYNAMIC_RECEIVER_NOT_EXPORTED_PERMISSION" />
22-->[androidx.core:core:1.12.0] AndroidManifest.xml:26:5-97
22-->[androidx.core:core:1.12.0] AndroidManifest.xml:26:22-94
23
24    <application
24-->src/main/AndroidManifest.xml:12:5-72:19
25        android:allowBackup="true"
25-->src/main/AndroidManifest.xml:13:9-35
26        android:appComponentFactory="androidx.core.app.CoreComponentFactory"
26-->[androidx.core:core:1.12.0] AndroidManifest.xml:28:18-86
27        android:extractNativeLibs="false"
28        android:icon="@mipmap/ic_launcher"
28-->src/main/AndroidManifest.xml:14:9-43
29        android:label="@string/app_name"
29-->src/main/AndroidManifest.xml:15:9-41
30        android:roundIcon="@mipmap/ic_launcher"
30-->src/main/AndroidManifest.xml:16:9-48
31        android:supportsRtl="true"
31-->src/main/AndroidManifest.xml:17:9-35
32        android:theme="@style/Theme.AppCompat.Light.DarkActionBar" >
32-->src/main/AndroidManifest.xml:18:9-67
33
34        <!-- Головна активність - список квитків -->
35        <activity
35-->src/main/AndroidManifest.xml:21:9-44:20
36            android:name="com.tixly.app.TicketsActivity"
36-->src/main/AndroidManifest.xml:22:13-44
37            android:exported="true"
37-->src/main/AndroidManifest.xml:23:13-36
38            android:launchMode="singleTop" >
38-->src/main/AndroidManifest.xml:24:13-43
39            <intent-filter>
39-->src/main/AndroidManifest.xml:25:13-28:29
40                <action android:name="android.intent.action.MAIN" />
40-->src/main/AndroidManifest.xml:26:17-69
40-->src/main/AndroidManifest.xml:26:25-66
41
42                <category android:name="android.intent.category.LAUNCHER" />
42-->src/main/AndroidManifest.xml:27:17-77
42-->src/main/AndroidManifest.xml:27:27-74
43            </intent-filter>
44
45            <!-- Intent filter для відкриття PDF файлів -->
46            <intent-filter>
46-->src/main/AndroidManifest.xml:31:13-36:29
47                <action android:name="android.intent.action.VIEW" />
47-->src/main/AndroidManifest.xml:32:17-69
47-->src/main/AndroidManifest.xml:32:25-66
48
49                <category android:name="android.intent.category.DEFAULT" />
49-->src/main/AndroidManifest.xml:33:17-76
49-->src/main/AndroidManifest.xml:33:27-73
50                <category android:name="android.intent.category.BROWSABLE" />
50-->src/main/AndroidManifest.xml:34:17-78
50-->src/main/AndroidManifest.xml:34:27-75
51
52                <data android:mimeType="application/pdf" />
52-->src/main/AndroidManifest.xml:35:17-60
52-->src/main/AndroidManifest.xml:35:23-57
53            </intent-filter>
54
55            <!-- Intent filter для отримання PDF через Share -->
56            <intent-filter>
56-->src/main/AndroidManifest.xml:39:13-43:29
57                <action android:name="android.intent.action.SEND" />
57-->src/main/AndroidManifest.xml:40:17-69
57-->src/main/AndroidManifest.xml:40:25-66
58
59                <category android:name="android.intent.category.DEFAULT" />
59-->src/main/AndroidManifest.xml:33:17-76
59-->src/main/AndroidManifest.xml:33:27-73
60
61                <data android:mimeType="application/pdf" />
61-->src/main/AndroidManifest.xml:35:17-60
61-->src/main/AndroidManifest.xml:35:23-57
62            </intent-filter>
63        </activity>
64
65        <!-- Допоміжна активність MainActivity для обробки PDF -->
66        <activity
66-->src/main/AndroidManifest.xml:47:9-49:40
67            android:name="com.tixly.app.MainActivity"
67-->src/main/AndroidManifest.xml:48:13-41
68            android:exported="false" />
68-->src/main/AndroidManifest.xml:49:13-37
69
70        <!-- Активність для редагування квитків -->
71        <activity
71-->src/main/AndroidManifest.xml:52:9-59:20
72            android:name="com.tixly.app.TicketEditActivity"
72-->src/main/AndroidManifest.xml:53:13-47
73            android:exported="false"
73-->src/main/AndroidManifest.xml:54:13-37
74            android:parentActivityName="com.tixly.app.TicketsActivity" >
74-->src/main/AndroidManifest.xml:55:13-58
75            <meta-data
75-->src/main/AndroidManifest.xml:56:13-58:52
76                android:name="android.support.PARENT_ACTIVITY"
76-->src/main/AndroidManifest.xml:57:17-63
77                android:value=".TicketsActivity" />
77-->src/main/AndroidManifest.xml:58:17-49
78        </activity>
79
80        <!-- FileProvider для безпечного доступу до PDF файлів -->
81        <provider
81-->src/main/AndroidManifest.xml:62:9-70:20
82            android:name="androidx.core.content.FileProvider"
82-->src/main/AndroidManifest.xml:63:13-62
83            android:authorities="com.tixly.app.fileprovider"
83-->src/main/AndroidManifest.xml:64:13-61
84            android:exported="false"
84-->src/main/AndroidManifest.xml:65:13-37
85            android:grantUriPermissions="true" >
85-->src/main/AndroidManifest.xml:66:13-47
86            <meta-data
86-->src/main/AndroidManifest.xml:67:13-69:54
87                android:name="android.support.FILE_PROVIDER_PATHS"
87-->src/main/AndroidManifest.xml:68:17-67
88                android:resource="@xml/file_paths" />
88-->src/main/AndroidManifest.xml:69:17-51
89        </provider>
90        <provider
90-->[androidx.emoji2:emoji2:1.2.0] AndroidManifest.xml:24:9-32:20
91            android:name="androidx.startup.InitializationProvider"
91-->[androidx.emoji2:emoji2:1.2.0] AndroidManifest.xml:25:13-67
92            android:authorities="com.tixly.app.androidx-startup"
92-->[androidx.emoji2:emoji2:1.2.0] AndroidManifest.xml:26:13-68
93            android:exported="false" >
93-->[androidx.emoji2:emoji2:1.2.0] AndroidManifest.xml:27:13-37
94            <meta-data
94-->[androidx.emoji2:emoji2:1.2.0] AndroidManifest.xml:29:13-31:52
95                android:name="androidx.emoji2.text.EmojiCompatInitializer"
95-->[androidx.emoji2:emoji2:1.2.0] AndroidManifest.xml:30:17-75
96                android:value="androidx.startup" />
96-->[androidx.emoji2:emoji2:1.2.0] AndroidManifest.xml:31:17-49
97            <meta-data
97-->[androidx.lifecycle:lifecycle-process:2.6.1] AndroidManifest.xml:29:13-31:52
98                android:name="androidx.lifecycle.ProcessLifecycleInitializer"
98-->[androidx.lifecycle:lifecycle-process:2.6.1] AndroidManifest.xml:30:17-78
99                android:value="androidx.startup" />
99-->[androidx.lifecycle:lifecycle-process:2.6.1] AndroidManifest.xml:31:17-49
100            <meta-data
100-->[androidx.profileinstaller:profileinstaller:1.3.0] AndroidManifest.xml:29:13-31:52
101                android:name="androidx.profileinstaller.ProfileInstallerInitializer"
101-->[androidx.profileinstaller:profileinstaller:1.3.0] AndroidManifest.xml:30:17-85
102                android:value="androidx.startup" />
102-->[androidx.profileinstaller:profileinstaller:1.3.0] AndroidManifest.xml:31:17-49
103        </provider>
104
105        <receiver
105-->[androidx.profileinstaller:profileinstaller:1.3.0] AndroidManifest.xml:34:9-52:20
106            android:name="androidx.profileinstaller.ProfileInstallReceiver"
106-->[androidx.profileinstaller:profileinstaller:1.3.0] AndroidManifest.xml:35:13-76
107            android:directBootAware="false"
107-->[androidx.profileinstaller:profileinstaller:1.3.0] AndroidManifest.xml:36:13-44
108            android:enabled="true"
108-->[androidx.profileinstaller:profileinstaller:1.3.0] AndroidManifest.xml:37:13-35
109            android:exported="true"
109-->[androidx.profileinstaller:profileinstaller:1.3.0] AndroidManifest.xml:38:13-36
110            android:permission="android.permission.DUMP" >
110-->[androidx.profileinstaller:profileinstaller:1.3.0] AndroidManifest.xml:39:13-57
111            <intent-filter>
111-->[androidx.profileinstaller:profileinstaller:1.3.0] AndroidManifest.xml:40:13-42:29
112                <action android:name="androidx.profileinstaller.action.INSTALL_PROFILE" />
112-->[androidx.profileinstaller:profileinstaller:1.3.0] AndroidManifest.xml:41:17-91
112-->[androidx.profileinstaller:profileinstaller:1.3.0] AndroidManifest.xml:41:25-88
113            </intent-filter>
114            <intent-filter>
114-->[androidx.profileinstaller:profileinstaller:1.3.0] AndroidManifest.xml:43:13-45:29
115                <action android:name="androidx.profileinstaller.action.SKIP_FILE" />
115-->[androidx.profileinstaller:profileinstaller:1.3.0] AndroidManifest.xml:44:17-85
115-->[androidx.profileinstaller:profileinstaller:1.3.0] AndroidManifest.xml:44:25-82
116            </intent-filter>
117            <intent-filter>
117-->[androidx.profileinstaller:profileinstaller:1.3.0] AndroidManifest.xml:46:13-48:29
118                <action android:name="androidx.profileinstaller.action.SAVE_PROFILE" />
118-->[androidx.profileinstaller:profileinstaller:1.3.0] AndroidManifest.xml:47:17-88
118-->[androidx.profileinstaller:profileinstaller:1.3.0] AndroidManifest.xml:47:25-85
119            </intent-filter>
120            <intent-filter>
120-->[androidx.profileinstaller:profileinstaller:1.3.0] AndroidManifest.xml:49:13-51:29
121                <action android:name="androidx.profileinstaller.action.BENCHMARK_OPERATION" />
121-->[androidx.profileinstaller:profileinstaller:1.3.0] AndroidManifest.xml:50:17-95
121-->[androidx.profileinstaller:profileinstaller:1.3.0] AndroidManifest.xml:50:25-92
122            </intent-filter>
123        </receiver>
124    </application>
125
126</manifest>